i: 27 index: 16511
i: 36 index: 7819
i: 42 index: 1888
i: 43 index: 8913
i: 54 index: 18515
i: 63 index: 2908
i: 91 index: 2847
i: 98 index: 16973
i: 100 index: 1922
i: 103 index: 15719
i: 108 index: 16551
i: 113 index: 7140
i: 118 index: 16669
i: 148 index: 16589
i: 158 index: 9603
i: 167 index: 2828
i: 186 index: 3701
i: 199 index: 16578
i: 210 index: 11300
i: 212 index: 11384
i: 216 index: 2804
i: 219 index: 18290
i: 230 index: 6729
i: 237 index: 2875
i: 254 index: 16676
i: 256 index: 16507
i: 257 index: 2585
i: 266 index: 8018
i: 272 index: 16573
i: 281 index: 17500
i: 284 index: 2812
i: 286 index: 18449
i: 291 index: 12787
i: 302 index: 16532
i: 317 index: 19421
i: 335 index: 16569
i: 348 index: 15997
i: 362 index: 19255
i: 372 index: 10403
i: 373 index: 4205
i: 393 index: 1162
i: 404 index: 4257
i: 421 index: 2909
i: 432 index: 17732
i: 436 index: 17343
i: 445 index: 14125
i: 454 index: 2987
i: 455 index: 7198
i: 456 index: 5300
i: 466 index: 17790
i: 498 index: 2953
i: 511 index: 11267
i: 513 index: 18963
i: 516 index: 16510
i: 520 index: 9242
i: 533 index: 16775
i: 538 index: 2736
i: 552 index: 6709
i: 556 index: 14936
i: 571 index: 4055
i: 573 index: 9555
i: 583 index: 16638
i: 592 index: 18836
i: 601 index: 16577
i: 604 index: 16100
i: 609 index: 16597
i: 610 index: 13885
i: 615 index: 16594
i: 632 index: 17562
i: 640 index: 1903
i: 644 index: 13530
i: 656 index: 19205
i: 665 index: 16122
i: 676 index: 7538
i: 684 index: 2975
i: 708 index: 16714
i: 718 index: 2162
i: 719 index: 393
i: 724 index: 16650
i: 729 index: 11363
i: 730 index: 19409
i: 735 index: 4525
i: 752 index: 16693
i: 758 index: 464
i: 765 index: 6924
i: 771 index: 17438
i: 773 index: 18396
i: 777 index: 11349
i: 778 index: 17463
i: 782 index: 5852
i: 784 index: 4194
i: 787 index: 16689
i: 788 index: 11377
i: 789 index: 2942
i: 790 index: 8206
i: 794 index: 3849
i: 795 index: 3019
i: 797 index: 16604
i: 798 index: 16609
i: 805 index: 17307
i: 816 index: 4585
i: 820 index: 18346
i: 833 index: 16675
i: 838 index: 6795
i: 847 index: 1923
i: 848 index: 16640
i: 849 index: 1900
i: 853 index: 3037
i: 854 index: 11732
i: 855 index: 11879
i: 857 index: 3475
i: 859 index: 2820
i: 861 index: 2929
i: 862 index: 15208
i: 866 index: 7716
i: 870 index: 7095
i: 878 index: 4304
i: 879 index: 18196
i: 881 index: 2144
i: 883 index: 17455
i: 885 index: 1883
i: 886 index: 2009
i: 887 index: 13887
i: 888 index: 18135
i: 892 index: 15937
i: 901 index: 3020
i: 902 index: 8398
i: 911 index: 1861
i: 920 index: 16888
i: 935 index: 17347
i: 946 index: 9829
i: 955 index: 16671
i: 956 index: 6881
i: 957 index: 18341
i: 960 index: 1911
i: 971 index: 16673
i: 976 index: 16979
i: 979 index: 695
i: 984 index: 2970
i: 987 index: 16544
i: 992 index: 2937
i: 993 index: 16524
i: 1004 index: 18605
i: 1013 index: 1574
i: 1022 index: 16692
i: 1023 index: 1235
i: 1031 index: 16651
i: 1036 index: 16088
i: 1041 index: 4763
i: 1047 index: 5762
i: 1049 index: 11809
i: 1050 index: 17241
i: 1055 index: 5432
i: 1057 index: 16120
i: 1061 index: 1335
i: 1064 index: 1625
i: 1070 index: 9575
i: 1074 index: 16081
