0 - Java Test Case 12207:
@@@ false alarm @@@
Final Label: FP
------------------------------------------------------------

1 - Java Test Case 16935:
Based on the provided information, the warning is of type DE_MIGHT_IGNORE, which suggests that the catch block for Exception might be ignoring exceptions. This is a potential issue because exceptions should not be caught without any action, unless they are truly expected and handled appropriately.

Looking at the code snippet, the catch block is catching Exception e, but not doing anything with it. This could be a real bug if the exception is something that needs to be handled, such as an IOException or an IllegalArgumentException.

However, without knowing the context of the entire application and the reasons behind catching Exception in this manner, it is difficult to definitively say whether this is a real bug or a false alarm. It is also possible that the developer is intentionally ignoring these exceptions for a reason, in which case it would be a false alarm.

@@@ unknown @@@
Final Label: UNKNOWN
------------------------------------------------------------

2 - Java Test Case 573:
The warning EI_EXPOSE_REP2 indicates that a potentially sensitive representation of an object has been exposed. In this case, the warning is about the `bytes` field being assigned without any checks. This could potentially be a security risk if the `bytes` contain sensitive information.

Upon reviewing the code snippet, it is clear that the `bytes` field is being assigned a new value directly from the method parameter. There is no validation or checking of the input array which could lead to issues such as buffer overflows or other security vulnerabilities if the input is not trusted.

Given that the field is public and without any protective measures, it is reasonable to classify this as a real bug. The code should include proper validation to ensure that the assigned `bytes` array is safe to use.

@@@ real bug @@@
Final Label: TP
------------------------------------------------------------

3 - Java Test Case 10046:
The warning type `MS_SHOULD_BE_FINAL` suggests that SpotBugs has detected a static field that is not marked as `final`. This is typically flagged because making the field `final` would prevent its value from being changed at runtime, which is often a good practice for constants.

Looking at the code snippet provided, we see that `DFLT_RESOURCE_SUFFIX` is indeed a static field, but it is not marked `final`. If this value is meant to be constant and not changed, then the warning is likely a real bug. However, if this field is intended to be mutable, then it would be a false alarm.

@@@ real bug @@@
Final Label: TP
------------------------------------------------------------

4 - Java Test Case 11811:
The DM_CONVERT_CASE warning in SpotBugs indicates that a string is being converted to a different case without any apparent reason. In this case, the method `addHeader` converts the `name` parameter to lower case. This conversion is likely intended to ensure that the header names are stored in a consistent case in the `headerNameToValueListMap`.

@@@ real bug @@@
Final Label: TP
------------------------------------------------------------

